<?xml version="1.0" encoding="UTF-8" ?>
<testsuite tests="4" failures="0" name="com.company.equals_hashcode_practice.EqualsHashcodePracticeTest" time="0.002" errors="0" skipped="0">
  <properties>
[...]
</properties>
  <testcase classname="com.company.equals_hashcode_practice.EqualsHashcodePracticeTest" name="overriddenEquals" time="0.002"/>
  <testcase classname="com.company.equals_hashcode_practice.EqualsHashcodePracticeTest" name="nonOverriddenEquals" time="0"/>
  <testcase classname="com.company.equals_hashcode_practice.EqualsHashcodePracticeTest" name="nonOverriddenHashcode" time="0"/>
  <testcase classname="com.company.equals_hashcode_practice.EqualsHashcodePracticeTest" name="overriddenHashcode" time="0"/>
</testsuite>